13:31:01:263  INFO 50793 --- [main] com.hmall.item.ItemApplication           : Starting ItemApplication using Java 11.0.27 on guochaojundeMacBook-Pro.local with PID 50793 (/Users/guochaojun/Desktop/0、2024最新SpringCloud微服务开发与实战/SpringCloud微服务—资料/day02-Docker/资料/hmall/item-service/target/classes started by guochaojun in /Users/guochaojun/Desktop/0、2024最新SpringCloud微服务开发与实战/SpringCloud微服务—资料/day02-Docker/资料/hmall)
13:31:01:266 DEBUG 50793 --- [main] com.hmall.item.ItemApplication           : Running with Spring Boot v2.7.12, Spring v5.3.27
13:31:01:266  INFO 50793 --- [main] com.hmall.item.ItemApplication           : The following 1 profile is active: "local"
13:31:01:911  INFO 50793 --- [main] o.s.cloud.context.scope.GenericScope     : BeanFactory id=33d0ac6b-a877-338e-a6ec-b1a2b5bde7da
13:31:02:129  INFO 50793 --- [main] o.s.b.w.embedded.tomcat.TomcatWebServer  : Tomcat initialized with port(s): 8081 (http)
13:31:02:136  INFO 50793 --- [main] o.apache.catalina.core.StandardService   : Starting service [Tomcat]
13:31:02:136  INFO 50793 --- [main] org.apache.catalina.core.StandardEngine  : Starting Servlet engine: [Apache Tomcat/9.0.75]
13:31:02:216  INFO 50793 --- [main] o.a.c.c.C.[Tomcat].[localhost].[/]       : Initializing Spring embedded WebApplicationContext
13:31:02:216  INFO 50793 --- [main] w.s.c.ServletWebServerApplicationContext : Root WebApplicationContext: initialization completed in 914 ms
13:31:02:755  INFO 50793 --- [main] pertySourcedRequestMappingHandlerMapping : Mapped URL path [/v2/api-docs] onto method [springfox.documentation.swagger2.web.Swagger2ControllerWebMvc#getDocumentation(String, HttpServletRequest)]
13:31:02:846  INFO 50793 --- [main] com.alibaba.nacos.common.remote.client   : [RpcClientFactory] create a new rpc client of 19ba156b-6c02-4a62-ba68-d785ea098085
13:31:02:890  INFO 50793 --- [main] org.reflections.Reflections              : Reflections took 21 ms to scan 1 urls, producing 3 keys and 6 values 
13:31:02:908  INFO 50793 --- [main] org.reflections.Reflections              : Reflections took 10 ms to scan 1 urls, producing 4 keys and 9 values 
13:31:02:918  INFO 50793 --- [main] org.reflections.Reflections              : Reflections took 8 ms to scan 1 urls, producing 3 keys and 10 values 
13:31:02:919  WARN 50793 --- [main] org.reflections.Reflections              : given scan urls are empty. set urls in the configuration
13:31:02:928  INFO 50793 --- [main] org.reflections.Reflections              : Reflections took 9 ms to scan 1 urls, producing 1 keys and 5 values 
13:31:02:938  INFO 50793 --- [main] org.reflections.Reflections              : Reflections took 9 ms to scan 1 urls, producing 1 keys and 7 values 
13:31:02:948  INFO 50793 --- [main] org.reflections.Reflections              : Reflections took 9 ms to scan 1 urls, producing 2 keys and 8 values 
13:31:02:948  WARN 50793 --- [main] org.reflections.Reflections              : given scan urls are empty. set urls in the configuration
13:31:02:949  INFO 50793 --- [main] com.alibaba.nacos.common.remote.client   : [19ba156b-6c02-4a62-ba68-d785ea098085] RpcClient init label, labels = {module=naming, source=sdk}
13:31:02:950  INFO 50793 --- [main] com.alibaba.nacos.common.remote.client   : [19ba156b-6c02-4a62-ba68-d785ea098085] RpcClient init, ServerListFactory = com.alibaba.nacos.client.naming.core.ServerListManager
13:31:02:950  INFO 50793 --- [main] com.alibaba.nacos.common.remote.client   : [19ba156b-6c02-4a62-ba68-d785ea098085] Registry connection listener to current client:com.alibaba.nacos.client.naming.remote.gprc.redo.NamingGrpcRedoService
13:31:02:950  INFO 50793 --- [main] com.alibaba.nacos.common.remote.client   : [19ba156b-6c02-4a62-ba68-d785ea098085] Register server push request handler:com.alibaba.nacos.client.naming.remote.gprc.NamingPushRequestHandler
13:31:02:951  INFO 50793 --- [main] com.alibaba.nacos.common.remote.client   : [19ba156b-6c02-4a62-ba68-d785ea098085] Try to connect to server on start up, server: {serverIp = '127.0.0.1', server main port = 8848}
13:31:03:505  INFO 50793 --- [main] com.alibaba.nacos.common.remote.client   : [19ba156b-6c02-4a62-ba68-d785ea098085] Success to connect to server [127.0.0.1:8848] on start up, connectionId = 1753075863317_127.0.0.1_50792
13:31:03:506  INFO 50793 --- [com.alibaba.nacos.client.remote.worker] com.alibaba.nacos.common.remote.client   : [19ba156b-6c02-4a62-ba68-d785ea098085] Notify connected event to listeners.
13:31:03:506  INFO 50793 --- [main] com.alibaba.nacos.common.remote.client   : [19ba156b-6c02-4a62-ba68-d785ea098085] Register server push request handler:com.alibaba.nacos.common.remote.client.RpcClient$ConnectResetRequestHandler
13:31:03:507  INFO 50793 --- [main] com.alibaba.nacos.common.remote.client   : [19ba156b-6c02-4a62-ba68-d785ea098085] Register server push request handler:com.alibaba.nacos.common.remote.client.RpcClient$$Lambda$848/0x0000000800672c40
13:31:03:587  INFO 50793 --- [main] o.s.b.w.embedded.tomcat.TomcatWebServer  : Tomcat started on port(s): 8081 (http) with context path ''
13:31:03:603  INFO 50793 --- [main] c.a.c.n.registry.NacosServiceRegistry    : nacos registry, DEFAULT_GROUP item-service 192.168.124.70:8081 register finished
13:31:03:605  INFO 50793 --- [main] d.s.w.p.DocumentationPluginsBootstrapper : Documentation plugins bootstrapped
13:31:03:607  INFO 50793 --- [main] d.s.w.p.DocumentationPluginsBootstrapper : Found 1 custom documentation plugin(s)
13:31:03:623  INFO 50793 --- [main] s.d.s.w.s.ApiListingReferenceScanner     : Scanning for api listing references
13:31:03:704  INFO 50793 --- [main] com.hmall.item.ItemApplication           : Started ItemApplication in 3.078 seconds (JVM running for 3.737)
13:31:04:132  INFO 50793 --- [nacos-grpc-client-executor-11] com.alibaba.nacos.common.remote.client   : [19ba156b-6c02-4a62-ba68-d785ea098085] Receive server push request, request = NotifySubscriberRequest, requestId = 1
13:31:04:135  INFO 50793 --- [nacos-grpc-client-executor-11] com.alibaba.nacos.common.remote.client   : [19ba156b-6c02-4a62-ba68-d785ea098085] Ack server push request, request = NotifySubscriberRequest, requestId = 1
13:31:40:722  WARN 50793 --- [Thread-7] c.a.n.common.http.HttpClientBeanHolder   : [HttpClientBeanHolder] Start destroying common HttpClient
13:31:40:722  WARN 50793 --- [Thread-4] c.a.nacos.common.notify.NotifyCenter     : [NotifyCenter] Start destroying Publisher
13:31:40:724  WARN 50793 --- [Thread-4] c.a.nacos.common.notify.NotifyCenter     : [NotifyCenter] Destruction of the end
13:31:40:726  WARN 50793 --- [Thread-7] c.a.n.common.http.HttpClientBeanHolder   : [HttpClientBeanHolder] Destruction of the end
13:31:41:772  INFO 50793 --- [SpringApplicationShutdownHook] c.a.c.n.registry.NacosServiceRegistry    : De-registering from Nacos Server now...
13:31:41:779  INFO 50793 --- [SpringApplicationShutdownHook] c.a.c.n.registry.NacosServiceRegistry    : De-registration finished.
13:31:42:101  INFO 50793 --- [SpringApplicationShutdownHook] com.alibaba.nacos.common.remote.client   : Shutdown rpc client, set status to shutdown
13:31:42:101  INFO 50793 --- [SpringApplicationShutdownHook] com.alibaba.nacos.common.remote.client   : Shutdown client event executor java.util.concurrent.ScheduledThreadPoolExecutor@118e0cce[Running, pool size = 2, active threads = 2, queued tasks = 0, completed tasks = 0]
13:31:42:101  INFO 50793 --- [SpringApplicationShutdownHook] com.alibaba.nacos.common.remote.client   : Close current connection 1753075863317_127.0.0.1_50792
13:31:42:106  INFO 50793 --- [nacos-grpc-client-executor-27] c.a.n.c.remote.client.grpc.GrpcClient    : [1753075863317_127.0.0.1_50792]Ignore complete event,isRunning:false,isAbandon=false
13:31:42:110  INFO 50793 --- [SpringApplicationShutdownHook] c.a.n.c.remote.client.grpc.GrpcClient    : Shutdown grpc executor java.util.concurrent.ThreadPoolExecutor@6f7fc1e4[Running, pool size = 8, active threads = 0, queued tasks = 0, completed tasks = 28]
